# JRE version: OpenJDK Runtime Environment (8.0_152-b01) (build 1.8.0_152-release-1248-b01)
# Java VM: OpenJDK 64-Bit Server VM (25.152-b01 mixed mode windows-amd64 compressed oops)
Heap:
 PSYoungGen      total 391680K, used 128758K [0x00000000e0000000, 0x00000000fd900000, 0x0000000100000000)
  eden space 313344K, 31% used [0x00000000e0000000,0x00000000e601f020,0x00000000f3200000)
  from space 78336K, 38% used [0x00000000f8c80000,0x00000000faa1e948,0x00000000fd900000)
  to   space 85504K, 0% used [0x00000000f3200000,0x00000000f3200000,0x00000000f8580000)
 ParOldGen       total 219136K, used 93559K [0x00000000a0000000, 0x00000000ad600000, 0x00000000e0000000)
  object space 219136K, 42% used [0x00000000a0000000,0x00000000a5b5dd90,0x00000000ad600000)
 Metaspace       used 100999K, capacity 106264K, committed 106536K, reserved 1142784K
  class space    used 12839K, capacity 14060K, committed 14120K, reserved 1048576K
GC Heap History (10 events):
Event: 152.367 GC heap before
{Heap before GC invocations=29 (full 6):
 PSYoungGen      total 318464K, used 299581K [0x00000000e0000000, 0x00000000f9400000, 0x0000000100000000)
  eden space 263168K, 99% used [0x00000000e0000000,0x00000000f00f2198,0x00000000f0100000)
  from space 55296K, 65% used [0x00000000f5e00000,0x00000000f819d438,0x00000000f9400000)
  to   space 75264K, 0% used [0x00000000f0100000,0x00000000f0100000,0x00000000f4a80000)
 ParOldGen       total 275456K, used 177759K [0x00000000a0000000, 0x00000000b0d00000, 0x00000000e0000000)
  object space 275456K, 64% used [0x00000000a0000000,0x00000000aad97ec8,0x00000000b0d00000)
 Metaspace       used 89370K, capacity 93514K, committed 93736K, reserved 1130496K
  class space    used 11550K, capacity 12571K, committed 12584K, reserved 1048576K
Event: 152.651 GC heap after
Heap after GC invocations=29 (full 6):
 PSYoungGen      total 338432K, used 75243K [0x00000000e0000000, 0x00000000fe500000, 0x0000000100000000)
  eden space 263168K, 0% used [0x00000000e0000000,0x00000000e0000000,0x00000000f0100000)
  from space 75264K, 99% used [0x00000000f0100000,0x00000000f4a7acf8,0x00000000f4a80000)
  to   space 100352K, 0% used [0x00000000f8300000,0x00000000f8300000,0x00000000fe500000)
 ParOldGen       total 275456K, used 209903K [0x00000000a0000000, 0x00000000b0d00000, 0x00000000e0000000)
  object space 275456K, 76% used [0x00000000a0000000,0x00000000accfbe68,0x00000000b0d00000)
 Metaspace       used 89370K, capacity 93514K, committed 93736K, reserved 1130496K
  class space    used 11550K, capacity 12571K, committed 12584K, reserved 1048576K
}
Event: 160.295 GC heap before
{Heap before GC invocations=30 (full 6):
 PSYoungGen      total 338432K, used 337771K [0x00000000e0000000, 0x00000000fe500000, 0x0000000100000000)
  eden space 263168K, 99% used [0x00000000e0000000,0x00000000f005fff0,0x00000000f0100000)
  from space 75264K, 99% used [0x00000000f0100000,0x00000000f4a7acf8,0x00000000f4a80000)
  to   space 100352K, 0% used [0x00000000f8300000,0x00000000f8300000,0x00000000fe500000)
 ParOldGen       total 275456K, used 209903K [0x00000000a0000000, 0x00000000b0d00000, 0x00000000e0000000)
  object space 275456K, 76% used [0x00000000a0000000,0x00000000accfbe68,0x00000000b0d00000)
 Metaspace       used 91507K, capacity 95862K, committed 96168K, reserved 1132544K
  class space    used 11800K, capacity 12877K, committed 12968K, reserved 1048576K
Event: 160.459 GC heap after
Heap after GC invocations=30 (full 6):
 PSYoungGen      total 379904K, used 30867K [0x00000000e0000000, 0x00000000fd700000, 0x0000000100000000)
  eden space 293888K, 0% used [0x00000000e0000000,0x00000000e0000000,0x00000000f1f00000)
  from space 86016K, 35% used [0x00000000f8300000,0x00000000fa124c10,0x00000000fd700000)
  to   space 94208K, 0% used [0x00000000f1f00000,0x00000000f1f00000,0x00000000f7b00000)
 ParOldGen       total 275456K, used 256481K [0x00000000a0000000, 0x00000000b0d00000, 0x00000000e0000000)
  object space 275456K, 93% used [0x00000000a0000000,0x00000000afa78540,0x00000000b0d00000)
 Metaspace       used 91507K, capacity 95862K, committed 96168K, reserved 1132544K
  class space    used 11800K, capacity 12877K, committed 12968K, reserved 1048576K
}
Event: 160.460 GC heap before
{Heap before GC invocations=31 (full 7):
 PSYoungGen      total 379904K, used 30867K [0x00000000e0000000, 0x00000000fd700000, 0x0000000100000000)
  eden space 293888K, 0% used [0x00000000e0000000,0x00000000e0000000,0x00000000f1f00000)
  from space 86016K, 35% used [0x00000000f8300000,0x00000000fa124c10,0x00000000fd700000)
  to   space 94208K, 0% used [0x00000000f1f00000,0x00000000f1f00000,0x00000000f7b00000)
 ParOldGen       total 275456K, used 256481K [0x00000000a0000000, 0x00000000b0d00000, 0x00000000e0000000)
  object space 275456K, 93% used [0x00000000a0000000,0x00000000afa78540,0x00000000b0d00000)
 Metaspace       used 91507K, capacity 95862K, committed 96168K, reserved 1132544K
  class space    used 11800K, capacity 12877K, committed 12968K, reserved 1048576K
Event: 162.936 GC heap after
Heap after GC invocations=31 (full 7):
 PSYoungGen      total 379904K, used 0K [0x00000000e0000000, 0x00000000fd700000, 0x0000000100000000)
  eden space 293888K, 0% used [0x00000000e0000000,0x00000000e0000000,0x00000000f1f00000)
  from space 86016K, 0% used [0x00000000f8300000,0x00000000f8300000,0x00000000fd700000)
  to   space 94208K, 0% used [0x00000000f1f00000,0x00000000f1f00000,0x00000000f7b00000)
 ParOldGen       total 219136K, used 93543K [0x00000000a0000000, 0x00000000ad600000, 0x00000000e0000000)
  object space 219136K, 42% used [0x00000000a0000000,0x00000000a5b59d90,0x00000000ad600000)
 Metaspace       used 91368K, capacity 95472K, committed 96168K, reserved 1132544K
  class space    used 11752K, capacity 12794K, committed 12968K, reserved 1048576K
}
Event: 1575.495 GC heap before
{Heap before GC invocations=32 (full 7):
 PSYoungGen      total 379904K, used 293888K [0x00000000e0000000, 0x00000000fd700000, 0x0000000100000000)
  eden space 293888K, 100% used [0x00000000e0000000,0x00000000f1f00000,0x00000000f1f00000)
  from space 86016K, 0% used [0x00000000f8300000,0x00000000f8300000,0x00000000fd700000)
  to   space 94208K, 0% used [0x00000000f1f00000,0x00000000f1f00000,0x00000000f7b00000)
 ParOldGen       total 219136K, used 93543K [0x00000000a0000000, 0x00000000ad600000, 0x00000000e0000000)
  object space 219136K, 42% used [0x00000000a0000000,0x00000000a5b59d90,0x00000000ad600000)
 Metaspace       used 96704K, capacity 101284K, committed 101544K, reserved 1136640K
  class space    used 12364K, capacity 13470K, committed 13480K, reserved 1048576K
Event: 1576.988 GC heap after
Heap after GC invocations=32 (full 7):
 PSYoungGen      total 388096K, used 21360K [0x00000000e0000000, 0x00000000fe500000, 0x0000000100000000)
  eden space 293888K, 0% used [0x00000000e0000000,0x00000000e0000000,0x00000000f1f00000)
  from space 94208K, 22% used [0x00000000f1f00000,0x00000000f33dc148,0x00000000f7b00000)
  to   space 90624K, 0% used [0x00000000f8c80000,0x00000000f8c80000,0x00000000fe500000)
 ParOldGen       total 219136K, used 93551K [0x00000000a0000000, 0x00000000ad600000, 0x00000000e0000000)
  object space 219136K, 42% used [0x00000000a0000000,0x00000000a5b5bd90,0x00000000ad600000)
 Metaspace       used 96704K, capacity 101284K, committed 101544K, reserved 1136640K
  class space    used 12364K, capacity 13470K, committed 13480K, reserved 1048576K
}
Event: 1594.625 GC heap before
{Heap before GC invocations=33 (full 7):
 PSYoungGen      total 388096K, used 315248K [0x00000000e0000000, 0x00000000fe500000, 0x0000000100000000)
  eden space 293888K, 100% used [0x00000000e0000000,0x00000000f1f00000,0x00000000f1f00000)
  from space 94208K, 22% used [0x00000000f1f00000,0x00000000f33dc148,0x00000000f7b00000)
  to   space 90624K, 0% used [0x00000000f8c80000,0x00000000f8c80000,0x00000000fe500000)
 ParOldGen       total 219136K, used 93551K [0x00000000a0000000, 0x00000000ad600000, 0x00000000e0000000)
  object space 219136K, 42% used [0x00000000a0000000,0x00000000a5b5bd90,0x00000000ad600000)
 Metaspace       used 100397K, capacity 105510K, committed 105640K, reserved 1140736K
  class space    used 12782K, capacity 13981K, committed 13992K, reserved 1048576K
Event: 1594.835 GC heap after
Heap after GC invocations=33 (full 7):
 PSYoungGen      total 391680K, used 30330K [0x00000000e0000000, 0x00000000fd900000, 0x0000000100000000)
  eden space 313344K, 0% used [0x00000000e0000000,0x00000000e0000000,0x00000000f3200000)
  from space 78336K, 38% used [0x00000000f8c80000,0x00000000faa1e948,0x00000000fd900000)
  to   space 85504K, 0% used [0x00000000f3200000,0x00000000f3200000,0x00000000f8580000)
 ParOldGen       total 219136K, used 93559K [0x00000000a0000000, 0x00000000ad600000, 0x00000000e0000000)
  object space 219136K, 42% used [0x00000000a0000000,0x00000000a5b5dd90,0x00000000ad600000)
 Metaspace       used 100397K, capacity 105510K, committed 105640K, reserved 1140736K
  class space    used 12782K, capacity 13981K, committed 13992K, reserved 1048576K
}

