# JRE version: OpenJDK Runtime Environment (8.0_152-b01) (build 1.8.0_152-release-1248-b01)
# Java VM: OpenJDK 64-Bit Server VM (25.152-b01 mixed mode windows-amd64 compressed oops)
Heap:
 PSYoungGen      total 129536K, used 65118K [0x00000000e0000000, 0x00000000e8980000, 0x0000000100000000)
  eden space 121344K, 47% used [0x00000000e0000000,0x00000000e3891650,0x00000000e7680000)
  from space 8192K, 87% used [0x00000000e8180000,0x00000000e8886560,0x00000000e8980000)
  to   space 9728K, 0% used [0x00000000e7680000,0x00000000e7680000,0x00000000e8000000)
 ParOldGen       total 53248K, used 35163K [0x00000000a0000000, 0x00000000a3400000, 0x00000000e0000000)
  object space 53248K, 66% used [0x00000000a0000000,0x00000000a2256c00,0x00000000a3400000)
 Metaspace       used 55714K, capacity 57272K, committed 57384K, reserved 1099776K
  class space    used 7455K, capacity 7923K, committed 7976K, reserved 1048576K
GC Heap History (10 events):
Event: 14.590 GC heap before
{Heap before GC invocations=12 (full 1):
 PSYoungGen      total 98304K, used 98290K [0x00000000e0000000, 0x00000000e6a80000, 0x0000000100000000)
  eden space 89600K, 100% used [0x00000000e0000000,0x00000000e5780000,0x00000000e5780000)
  from space 8704K, 99% used [0x00000000e6200000,0x00000000e6a7c9b8,0x00000000e6a80000)
  to   space 9728K, 0% used [0x00000000e5780000,0x00000000e5780000,0x00000000e6100000)
 ParOldGen       total 34304K, used 10999K [0x00000000a0000000, 0x00000000a2180000, 0x00000000e0000000)
  object space 34304K, 32% used [0x00000000a0000000,0x00000000a0abdd98,0x00000000a2180000)
 Metaspace       used 33318K, capacity 34124K, committed 34304K, reserved 1079296K
  class space    used 4520K, capacity 4779K, committed 4864K, reserved 1048576K
Event: 14.606 GC heap after
Heap after GC invocations=12 (full 1):
 PSYoungGen      total 99328K, used 2805K [0x00000000e0000000, 0x00000000e8b00000, 0x0000000100000000)
  eden space 89600K, 0% used [0x00000000e0000000,0x00000000e0000000,0x00000000e5780000)
  from space 9728K, 28% used [0x00000000e5780000,0x00000000e5a3d648,0x00000000e6100000)
  to   space 9728K, 0% used [0x00000000e8180000,0x00000000e8180000,0x00000000e8b00000)
 ParOldGen       total 34304K, used 17771K [0x00000000a0000000, 0x00000000a2180000, 0x00000000e0000000)
  object space 34304K, 51% used [0x00000000a0000000,0x00000000a115ae58,0x00000000a2180000)
 Metaspace       used 33318K, capacity 34124K, committed 34304K, reserved 1079296K
  class space    used 4520K, capacity 4779K, committed 4864K, reserved 1048576K
}
Event: 15.259 GC heap before
{Heap before GC invocations=13 (full 1):
 PSYoungGen      total 99328K, used 22963K [0x00000000e0000000, 0x00000000e8b00000, 0x0000000100000000)
  eden space 89600K, 22% used [0x00000000e0000000,0x00000000e13af868,0x00000000e5780000)
  from space 9728K, 28% used [0x00000000e5780000,0x00000000e5a3d648,0x00000000e6100000)
  to   space 9728K, 0% used [0x00000000e8180000,0x00000000e8180000,0x00000000e8b00000)
 ParOldGen       total 34304K, used 17771K [0x00000000a0000000, 0x00000000a2180000, 0x00000000e0000000)
  object space 34304K, 51% used [0x00000000a0000000,0x00000000a115ae58,0x00000000a2180000)
 Metaspace       used 34483K, capacity 35370K, committed 35496K, reserved 1079296K
  class space    used 4699K, capacity 4998K, committed 5032K, reserved 1048576K
Event: 15.269 GC heap after
Heap after GC invocations=13 (full 1):
 PSYoungGen      total 129536K, used 2864K [0x00000000e0000000, 0x00000000e8980000, 0x0000000100000000)
  eden space 121344K, 0% used [0x00000000e0000000,0x00000000e0000000,0x00000000e7680000)
  from space 8192K, 34% used [0x00000000e8180000,0x00000000e844c098,0x00000000e8980000)
  to   space 9728K, 0% used [0x00000000e7680000,0x00000000e7680000,0x00000000e8000000)
 ParOldGen       total 34304K, used 19511K [0x00000000a0000000, 0x00000000a2180000, 0x00000000e0000000)
  object space 34304K, 56% used [0x00000000a0000000,0x00000000a130dea8,0x00000000a2180000)
 Metaspace       used 34483K, capacity 35370K, committed 35496K, reserved 1079296K
  class space    used 4699K, capacity 4998K, committed 5032K, reserved 1048576K
}
Event: 15.269 GC heap before
{Heap before GC invocations=14 (full 2):
 PSYoungGen      total 129536K, used 2864K [0x00000000e0000000, 0x00000000e8980000, 0x0000000100000000)
  eden space 121344K, 0% used [0x00000000e0000000,0x00000000e0000000,0x00000000e7680000)
  from space 8192K, 34% used [0x00000000e8180000,0x00000000e844c098,0x00000000e8980000)
  to   space 9728K, 0% used [0x00000000e7680000,0x00000000e7680000,0x00000000e8000000)
 ParOldGen       total 34304K, used 19511K [0x00000000a0000000, 0x00000000a2180000, 0x00000000e0000000)
  object space 34304K, 56% used [0x00000000a0000000,0x00000000a130dea8,0x00000000a2180000)
 Metaspace       used 34483K, capacity 35370K, committed 35496K, reserved 1079296K
  class space    used 4699K, capacity 4998K, committed 5032K, reserved 1048576K
Event: 15.402 GC heap after
Heap after GC invocations=14 (full 2):
 PSYoungGen      total 129536K, used 0K [0x00000000e0000000, 0x00000000e8980000, 0x0000000100000000)
  eden space 121344K, 0% used [0x00000000e0000000,0x00000000e0000000,0x00000000e7680000)
  from space 8192K, 0% used [0x00000000e8180000,0x00000000e8180000,0x00000000e8980000)
  to   space 9728K, 0% used [0x00000000e7680000,0x00000000e7680000,0x00000000e8000000)
 ParOldGen       total 53248K, used 18248K [0x00000000a0000000, 0x00000000a3400000, 0x00000000e0000000)
  object space 53248K, 34% used [0x00000000a0000000,0x00000000a11d22a8,0x00000000a3400000)
 Metaspace       used 34483K, capacity 35370K, committed 35496K, reserved 1079296K
  class space    used 4699K, capacity 4998K, committed 5032K, reserved 1048576K
}
Event: 18.734 GC heap before
{Heap before GC invocations=15 (full 2):
 PSYoungGen      total 129536K, used 121344K [0x00000000e0000000, 0x00000000e8980000, 0x0000000100000000)
  eden space 121344K, 100% used [0x00000000e0000000,0x00000000e7680000,0x00000000e7680000)
  from space 8192K, 0% used [0x00000000e8180000,0x00000000e8180000,0x00000000e8980000)
  to   space 9728K, 0% used [0x00000000e7680000,0x00000000e7680000,0x00000000e8000000)
 ParOldGen       total 53248K, used 18248K [0x00000000a0000000, 0x00000000a3400000, 0x00000000e0000000)
  object space 53248K, 34% used [0x00000000a0000000,0x00000000a11d22a8,0x00000000a3400000)
 Metaspace       used 46421K, capacity 47528K, committed 47912K, reserved 1091584K
  class space    used 6190K, capacity 6581K, committed 6696K, reserved 1048576K
Event: 18.756 GC heap after
Heap after GC invocations=15 (full 2):
 PSYoungGen      total 131072K, used 9725K [0x00000000e0000000, 0x00000000e8980000, 0x0000000100000000)
  eden space 121344K, 0% used [0x00000000e0000000,0x00000000e0000000,0x00000000e7680000)
  from space 9728K, 99% used [0x00000000e7680000,0x00000000e7fff6e0,0x00000000e8000000)
  to   space 8192K, 0% used [0x00000000e8180000,0x00000000e8180000,0x00000000e8980000)
 ParOldGen       total 53248K, used 25907K [0x00000000a0000000, 0x00000000a3400000, 0x00000000e0000000)
  object space 53248K, 48% used [0x00000000a0000000,0x00000000a194cc78,0x00000000a3400000)
 Metaspace       used 46421K, capacity 47528K, committed 47912K, reserved 1091584K
  class space    used 6190K, capacity 6581K, committed 6696K, reserved 1048576K
}
Event: 20.387 GC heap before
{Heap before GC invocations=16 (full 2):
 PSYoungGen      total 131072K, used 131069K [0x00000000e0000000, 0x00000000e8980000, 0x0000000100000000)
  eden space 121344K, 100% used [0x00000000e0000000,0x00000000e7680000,0x00000000e7680000)
  from space 9728K, 99% used [0x00000000e7680000,0x00000000e7fff6e0,0x00000000e8000000)
  to   space 8192K, 0% used [0x00000000e8180000,0x00000000e8180000,0x00000000e8980000)
 ParOldGen       total 53248K, used 25907K [0x00000000a0000000, 0x00000000a3400000, 0x00000000e0000000)
  object space 53248K, 48% used [0x00000000a0000000,0x00000000a194cc78,0x00000000a3400000)
 Metaspace       used 50655K, capacity 51962K, committed 52264K, reserved 1093632K
  class space    used 6717K, capacity 7144K, committed 7208K, reserved 1048576K
Event: 20.408 GC heap after
Heap after GC invocations=16 (full 2):
 PSYoungGen      total 129536K, used 7193K [0x00000000e0000000, 0x00000000e8980000, 0x0000000100000000)
  eden space 121344K, 0% used [0x00000000e0000000,0x00000000e0000000,0x00000000e7680000)
  from space 8192K, 87% used [0x00000000e8180000,0x00000000e8886560,0x00000000e8980000)
  to   space 9728K, 0% used [0x00000000e7680000,0x00000000e7680000,0x00000000e8000000)
 ParOldGen       total 53248K, used 35163K [0x00000000a0000000, 0x00000000a3400000, 0x00000000e0000000)
  object space 53248K, 66% used [0x00000000a0000000,0x00000000a2256c00,0x00000000a3400000)
 Metaspace       used 50655K, capacity 51962K, committed 52264K, reserved 1093632K
  class space    used 6717K, capacity 7144K, committed 7208K, reserved 1048576K
}

