# JRE version: OpenJDK Runtime Environment (8.0_152-b01) (build 1.8.0_152-release-1248-b01)
# Java VM: OpenJDK 64-Bit Server VM (25.152-b01 mixed mode windows-amd64 compressed oops)
Heap:
 PSYoungGen      total 259584K, used 89625K [0x00000000e0000000, 0x00000000f1b80000, 0x0000000100000000)
  eden space 243712K, 30% used [0x00000000e0000000,0x00000000e480e530,0x00000000eee00000)
  from space 15872K, 99% used [0x00000000f0c00000,0x00000000f1b78010,0x00000000f1b80000)
  to   space 21504K, 0% used [0x00000000ef180000,0x00000000ef180000,0x00000000f0680000)
 ParOldGen       total 81920K, used 43150K [0x00000000a0000000, 0x00000000a5000000, 0x00000000e0000000)
  object space 81920K, 52% used [0x00000000a0000000,0x00000000a2a23960,0x00000000a5000000)
 Metaspace       used 64066K, capacity 67066K, committed 67352K, reserved 1107968K
  class space    used 8598K, capacity 9423K, committed 9520K, reserved 1048576K
GC Heap History (10 events):
Event: 41.993 GC heap before
{Heap before GC invocations=13 (full 2):
 PSYoungGen      total 147968K, used 134656K [0x00000000e0000000, 0x00000000ea280000, 0x0000000100000000)
  eden space 134656K, 100% used [0x00000000e0000000,0x00000000e8380000,0x00000000e8380000)
  from space 13312K, 0% used [0x00000000e9000000,0x00000000e9000000,0x00000000e9d00000)
  to   space 12800K, 0% used [0x00000000e8380000,0x00000000e8380000,0x00000000e9000000)
 ParOldGen       total 55808K, used 17421K [0x00000000a0000000, 0x00000000a3680000, 0x00000000e0000000)
  object space 55808K, 31% used [0x00000000a0000000,0x00000000a1103770,0x00000000a3680000)
 Metaspace       used 47341K, capacity 48420K, committed 48808K, reserved 1091584K
  class space    used 6353K, capacity 6719K, committed 6832K, reserved 1048576K
Event: 42.025 GC heap after
Heap after GC invocations=13 (full 2):
 PSYoungGen      total 147456K, used 12780K [0x00000000e0000000, 0x00000000ed180000, 0x0000000100000000)
  eden space 134656K, 0% used [0x00000000e0000000,0x00000000e0000000,0x00000000e8380000)
  from space 12800K, 99% used [0x00000000e8380000,0x00000000e8ffb100,0x00000000e9000000)
  to   space 16896K, 0% used [0x00000000ec100000,0x00000000ec100000,0x00000000ed180000)
 ParOldGen       total 55808K, used 23116K [0x00000000a0000000, 0x00000000a3680000, 0x00000000e0000000)
  object space 55808K, 41% used [0x00000000a0000000,0x00000000a16930f8,0x00000000a3680000)
 Metaspace       used 47341K, capacity 48420K, committed 48808K, reserved 1091584K
  class space    used 6353K, capacity 6719K, committed 6832K, reserved 1048576K
}
Event: 47.427 GC heap before
{Heap before GC invocations=14 (full 2):
 PSYoungGen      total 147456K, used 147436K [0x00000000e0000000, 0x00000000ed180000, 0x0000000100000000)
  eden space 134656K, 100% used [0x00000000e0000000,0x00000000e8380000,0x00000000e8380000)
  from space 12800K, 99% used [0x00000000e8380000,0x00000000e8ffb100,0x00000000e9000000)
  to   space 16896K, 0% used [0x00000000ec100000,0x00000000ec100000,0x00000000ed180000)
 ParOldGen       total 55808K, used 23116K [0x00000000a0000000, 0x00000000a3680000, 0x00000000e0000000)
  object space 55808K, 41% used [0x00000000a0000000,0x00000000a16930f8,0x00000000a3680000)
 Metaspace       used 53234K, capacity 54640K, committed 54952K, reserved 1097728K
  class space    used 7097K, capacity 7533K, committed 7600K, reserved 1048576K
Event: 48.209 GC heap after
Heap after GC invocations=14 (full 2):
 PSYoungGen      total 197632K, used 9649K [0x00000000e0000000, 0x00000000ee100000, 0x0000000100000000)
  eden space 180736K, 0% used [0x00000000e0000000,0x00000000e0000000,0x00000000eb080000)
  from space 16896K, 57% used [0x00000000ec100000,0x00000000eca6c5a0,0x00000000ed180000)
  to   space 16896K, 0% used [0x00000000eb080000,0x00000000eb080000,0x00000000ec100000)
 ParOldGen       total 55808K, used 32782K [0x00000000a0000000, 0x00000000a3680000, 0x00000000e0000000)
  object space 55808K, 58% used [0x00000000a0000000,0x00000000a2003890,0x00000000a3680000)
 Metaspace       used 53234K, capacity 54640K, committed 54952K, reserved 1097728K
  class space    used 7097K, capacity 7533K, committed 7600K, reserved 1048576K
}
Event: 52.560 GC heap before
{Heap before GC invocations=15 (full 2):
 PSYoungGen      total 197632K, used 68180K [0x00000000e0000000, 0x00000000ee100000, 0x0000000100000000)
  eden space 180736K, 32% used [0x00000000e0000000,0x00000000e3928da8,0x00000000eb080000)
  from space 16896K, 57% used [0x00000000ec100000,0x00000000eca6c5a0,0x00000000ed180000)
  to   space 16896K, 0% used [0x00000000eb080000,0x00000000eb080000,0x00000000ec100000)
 ParOldGen       total 55808K, used 32782K [0x00000000a0000000, 0x00000000a3680000, 0x00000000e0000000)
  object space 55808K, 58% used [0x00000000a0000000,0x00000000a2003890,0x00000000a3680000)
 Metaspace       used 57184K, capacity 59034K, committed 59160K, reserved 1099776K
  class space    used 7662K, capacity 8176K, committed 8240K, reserved 1048576K
Event: 52.585 GC heap after
Heap after GC invocations=15 (full 2):
 PSYoungGen      total 197632K, used 8259K [0x00000000e0000000, 0x00000000f1b80000, 0x0000000100000000)
  eden space 180736K, 0% used [0x00000000e0000000,0x00000000e0000000,0x00000000eb080000)
  from space 16896K, 48% used [0x00000000eb080000,0x00000000eb890e20,0x00000000ec100000)
  to   space 15872K, 0% used [0x00000000f0c00000,0x00000000f0c00000,0x00000000f1b80000)
 ParOldGen       total 55808K, used 35128K [0x00000000a0000000, 0x00000000a3680000, 0x00000000e0000000)
  object space 55808K, 62% used [0x00000000a0000000,0x00000000a224e348,0x00000000a3680000)
 Metaspace       used 57184K, capacity 59034K, committed 59160K, reserved 1099776K
  class space    used 7662K, capacity 8176K, committed 8240K, reserved 1048576K
}
Event: 52.585 GC heap before
{Heap before GC invocations=16 (full 3):
 PSYoungGen      total 197632K, used 8259K [0x00000000e0000000, 0x00000000f1b80000, 0x0000000100000000)
  eden space 180736K, 0% used [0x00000000e0000000,0x00000000e0000000,0x00000000eb080000)
  from space 16896K, 48% used [0x00000000eb080000,0x00000000eb890e20,0x00000000ec100000)
  to   space 15872K, 0% used [0x00000000f0c00000,0x00000000f0c00000,0x00000000f1b80000)
 ParOldGen       total 55808K, used 35128K [0x00000000a0000000, 0x00000000a3680000, 0x00000000e0000000)
  object space 55808K, 62% used [0x00000000a0000000,0x00000000a224e348,0x00000000a3680000)
 Metaspace       used 57184K, capacity 59034K, committed 59160K, reserved 1099776K
  class space    used 7662K, capacity 8176K, committed 8240K, reserved 1048576K
Event: 53.198 GC heap after
Heap after GC invocations=16 (full 3):
 PSYoungGen      total 197632K, used 0K [0x00000000e0000000, 0x00000000f1b80000, 0x0000000100000000)
  eden space 180736K, 0% used [0x00000000e0000000,0x00000000e0000000,0x00000000eb080000)
  from space 16896K, 0% used [0x00000000eb080000,0x00000000eb080000,0x00000000ec100000)
  to   space 15872K, 0% used [0x00000000f0c00000,0x00000000f0c00000,0x00000000f1b80000)
 ParOldGen       total 81920K, used 34749K [0x00000000a0000000, 0x00000000a5000000, 0x00000000e0000000)
  object space 81920K, 42% used [0x00000000a0000000,0x00000000a21ef678,0x00000000a5000000)
 Metaspace       used 57184K, capacity 59034K, committed 59160K, reserved 1099776K
  class space    used 7662K, capacity 8176K, committed 8240K, reserved 1048576K
}
Event: 66.793 GC heap before
{Heap before GC invocations=17 (full 3):
 PSYoungGen      total 197632K, used 180736K [0x00000000e0000000, 0x00000000f1b80000, 0x0000000100000000)
  eden space 180736K, 100% used [0x00000000e0000000,0x00000000eb080000,0x00000000eb080000)
  from space 16896K, 0% used [0x00000000eb080000,0x00000000eb080000,0x00000000ec100000)
  to   space 15872K, 0% used [0x00000000f0c00000,0x00000000f0c00000,0x00000000f1b80000)
 ParOldGen       total 81920K, used 34749K [0x00000000a0000000, 0x00000000a5000000, 0x00000000e0000000)
  object space 81920K, 42% used [0x00000000a0000000,0x00000000a21ef678,0x00000000a5000000)
 Metaspace       used 62753K, capacity 65824K, committed 65944K, reserved 1105920K
  class space    used 8493K, capacity 9378K, committed 9392K, reserved 1048576K
Event: 66.855 GC heap after
Heap after GC invocations=17 (full 3):
 PSYoungGen      total 259584K, used 15840K [0x00000000e0000000, 0x00000000f1b80000, 0x0000000100000000)
  eden space 243712K, 0% used [0x00000000e0000000,0x00000000e0000000,0x00000000eee00000)
  from space 15872K, 99% used [0x00000000f0c00000,0x00000000f1b78010,0x00000000f1b80000)
  to   space 21504K, 0% used [0x00000000ef180000,0x00000000ef180000,0x00000000f0680000)
 ParOldGen       total 81920K, used 43150K [0x00000000a0000000, 0x00000000a5000000, 0x00000000e0000000)
  object space 81920K, 52% used [0x00000000a0000000,0x00000000a2a23960,0x00000000a5000000)
 Metaspace       used 62753K, capacity 65824K, committed 65944K, reserved 1105920K
  class space    used 8493K, capacity 9378K, committed 9392K, reserved 1048576K
}

