# JRE version: OpenJDK Runtime Environment (8.0_152-b01) (build 1.8.0_152-release-1248-b01)
# Java VM: OpenJDK 64-Bit Server VM (25.152-b01 mixed mode windows-amd64 compressed oops)
Heap:
 PSYoungGen      total 239104K, used 96894K [0x00000000e0000000, 0x00000000fdc80000, 0x0000000100000000)
  eden space 176128K, 47% used [0x00000000e0000000,0x00000000e522a198,0x00000000eac00000)
  from space 62976K, 20% used [0x00000000f1b80000,0x00000000f27f5728,0x00000000f5900000)
  to   space 114176K, 0% used [0x00000000eac00000,0x00000000eac00000,0x00000000f1b80000)
 ParOldGen       total 404480K, used 244292K [0x00000000a0000000, 0x00000000b8b00000, 0x00000000e0000000)
  object space 404480K, 60% used [0x00000000a0000000,0x00000000aee912b0,0x00000000b8b00000)
 Metaspace       used 79574K, capacity 82860K, committed 83096K, reserved 1122304K
  class space    used 10273K, capacity 11168K, committed 11176K, reserved 1048576K
GC Heap History (10 events):
Event: 66.376 GC heap before
{Heap before GC invocations=19 (full 3):
 PSYoungGen      total 229888K, used 224400K [0x00000000e0000000, 0x00000000f0900000, 0x0000000100000000)
  eden space 207872K, 100% used [0x00000000e0000000,0x00000000ecb00000,0x00000000ecb00000)
  from space 22016K, 75% used [0x00000000ecb00000,0x00000000edb24278,0x00000000ee080000)
  to   space 23552K, 0% used [0x00000000ef200000,0x00000000ef200000,0x00000000f0900000)
 ParOldGen       total 98304K, used 58340K [0x00000000a0000000, 0x00000000a6000000, 0x00000000e0000000)
  object space 98304K, 59% used [0x00000000a0000000,0x00000000a38f90b0,0x00000000a6000000)
 Metaspace       used 70145K, capacity 73382K, committed 73624K, reserved 1112064K
  class space    used 9219K, capacity 10113K, committed 10152K, reserved 1048576K
Event: 66.504 GC heap after
Heap after GC invocations=19 (full 3):
 PSYoungGen      total 226304K, used 23547K [0x00000000e0000000, 0x00000000f5300000, 0x0000000100000000)
  eden space 202752K, 0% used [0x00000000e0000000,0x00000000e0000000,0x00000000ec600000)
  from space 23552K, 99% used [0x00000000ef200000,0x00000000f08fec00,0x00000000f0900000)
  to   space 45056K, 0% used [0x00000000ec600000,0x00000000ec600000,0x00000000ef200000)
 ParOldGen       total 107520K, used 106561K [0x00000000a0000000, 0x00000000a6900000, 0x00000000e0000000)
  object space 107520K, 99% used [0x00000000a0000000,0x00000000a68107f0,0x00000000a6900000)
 Metaspace       used 70145K, capacity 73382K, committed 73624K, reserved 1112064K
  class space    used 9219K, capacity 10113K, committed 10152K, reserved 1048576K
}
Event: 66.504 GC heap before
{Heap before GC invocations=20 (full 4):
 PSYoungGen      total 226304K, used 23547K [0x00000000e0000000, 0x00000000f5300000, 0x0000000100000000)
  eden space 202752K, 0% used [0x00000000e0000000,0x00000000e0000000,0x00000000ec600000)
  from space 23552K, 99% used [0x00000000ef200000,0x00000000f08fec00,0x00000000f0900000)
  to   space 45056K, 0% used [0x00000000ec600000,0x00000000ec600000,0x00000000ef200000)
 ParOldGen       total 107520K, used 106561K [0x00000000a0000000, 0x00000000a6900000, 0x00000000e0000000)
  object space 107520K, 99% used [0x00000000a0000000,0x00000000a68107f0,0x00000000a6900000)
 Metaspace       used 70145K, capacity 73382K, committed 73624K, reserved 1112064K
  class space    used 9219K, capacity 10113K, committed 10152K, reserved 1048576K
Event: 68.827 GC heap after
Heap after GC invocations=20 (full 4):
 PSYoungGen      total 226304K, used 15306K [0x00000000e0000000, 0x00000000f5300000, 0x0000000100000000)
  eden space 202752K, 0% used [0x00000000e0000000,0x00000000e0000000,0x00000000ec600000)
  from space 23552K, 64% used [0x00000000ef200000,0x00000000f00f2bb8,0x00000000f0900000)
  to   space 45056K, 0% used [0x00000000ec600000,0x00000000ec600000,0x00000000ef200000)
 ParOldGen       total 210944K, used 107185K [0x00000000a0000000, 0x00000000ace00000, 0x00000000e0000000)
  object space 210944K, 50% used [0x00000000a0000000,0x00000000a68ac6c0,0x00000000ace00000)
 Metaspace       used 70145K, capacity 73382K, committed 73624K, reserved 1112064K
  class space    used 9219K, capacity 10113K, committed 10152K, reserved 1048576K
}
Event: 76.086 GC heap before
{Heap before GC invocations=21 (full 4):
 PSYoungGen      total 226304K, used 218058K [0x00000000e0000000, 0x00000000f5300000, 0x0000000100000000)
  eden space 202752K, 100% used [0x00000000e0000000,0x00000000ec600000,0x00000000ec600000)
  from space 23552K, 64% used [0x00000000ef200000,0x00000000f00f2bb8,0x00000000f0900000)
  to   space 45056K, 0% used [0x00000000ec600000,0x00000000ec600000,0x00000000ef200000)
 ParOldGen       total 210944K, used 107185K [0x00000000a0000000, 0x00000000ace00000, 0x00000000e0000000)
  object space 210944K, 50% used [0x00000000a0000000,0x00000000a68ac6c0,0x00000000ace00000)
 Metaspace       used 78517K, capacity 81804K, committed 82072K, reserved 1120256K
  class space    used 10196K, capacity 11072K, committed 11176K, reserved 1048576K
Event: 76.183 GC heap after
Heap after GC invocations=21 (full 4):
 PSYoungGen      total 247808K, used 45048K [0x00000000e0000000, 0x00000000f5900000, 0x0000000100000000)
  eden space 202752K, 0% used [0x00000000e0000000,0x00000000e0000000,0x00000000ec600000)
  from space 45056K, 99% used [0x00000000ec600000,0x00000000ef1fe208,0x00000000ef200000)
  to   space 62976K, 0% used [0x00000000f1b80000,0x00000000f1b80000,0x00000000f5900000)
 ParOldGen       total 210944K, used 135937K [0x00000000a0000000, 0x00000000ace00000, 0x00000000e0000000)
  object space 210944K, 64% used [0x00000000a0000000,0x00000000a84c06d0,0x00000000ace00000)
 Metaspace       used 78517K, capacity 81804K, committed 82072K, reserved 1120256K
  class space    used 10196K, capacity 11072K, committed 11176K, reserved 1048576K
}
Event: 79.677 GC heap before
{Heap before GC invocations=22 (full 4):
 PSYoungGen      total 247808K, used 247800K [0x00000000e0000000, 0x00000000f5900000, 0x0000000100000000)
  eden space 202752K, 100% used [0x00000000e0000000,0x00000000ec600000,0x00000000ec600000)
  from space 45056K, 99% used [0x00000000ec600000,0x00000000ef1fe208,0x00000000ef200000)
  to   space 62976K, 0% used [0x00000000f1b80000,0x00000000f1b80000,0x00000000f5900000)
 ParOldGen       total 210944K, used 135937K [0x00000000a0000000, 0x00000000ace00000, 0x00000000e0000000)
  object space 210944K, 64% used [0x00000000a0000000,0x00000000a84c06d0,0x00000000ace00000)
 Metaspace       used 78610K, capacity 81868K, committed 82328K, reserved 1120256K
  class space    used 10196K, capacity 11072K, committed 11176K, reserved 1048576K
Event: 80.764 GC heap after
Heap after GC invocations=22 (full 4):
 PSYoungGen      total 239104K, used 62974K [0x00000000e0000000, 0x00000000fdc80000, 0x0000000100000000)
  eden space 176128K, 0% used [0x00000000e0000000,0x00000000e0000000,0x00000000eac00000)
  from space 62976K, 99% used [0x00000000f1b80000,0x00000000f58ff858,0x00000000f5900000)
  to   space 114176K, 0% used [0x00000000eac00000,0x00000000eac00000,0x00000000f1b80000)
 ParOldGen       total 244736K, used 244357K [0x00000000a0000000, 0x00000000aef00000, 0x00000000e0000000)
  object space 244736K, 99% used [0x00000000a0000000,0x00000000aeea16e8,0x00000000aef00000)
 Metaspace       used 78610K, capacity 81868K, committed 82328K, reserved 1120256K
  class space    used 10196K, capacity 11072K, committed 11176K, reserved 1048576K
}
Event: 80.782 GC heap before
{Heap before GC invocations=23 (full 5):
 PSYoungGen      total 239104K, used 62974K [0x00000000e0000000, 0x00000000fdc80000, 0x0000000100000000)
  eden space 176128K, 0% used [0x00000000e0000000,0x00000000e0000000,0x00000000eac00000)
  from space 62976K, 99% used [0x00000000f1b80000,0x00000000f58ff858,0x00000000f5900000)
  to   space 114176K, 0% used [0x00000000eac00000,0x00000000eac00000,0x00000000f1b80000)
 ParOldGen       total 244736K, used 244357K [0x00000000a0000000, 0x00000000aef00000, 0x00000000e0000000)
  object space 244736K, 99% used [0x00000000a0000000,0x00000000aeea16e8,0x00000000aef00000)
 Metaspace       used 78610K, capacity 81868K, committed 82328K, reserved 1120256K
  class space    used 10196K, capacity 11072K, committed 11176K, reserved 1048576K
Event: 85.294 GC heap after
Heap after GC invocations=23 (full 5):
 PSYoungGen      total 239104K, used 12757K [0x00000000e0000000, 0x00000000fdc80000, 0x0000000100000000)
  eden space 176128K, 0% used [0x00000000e0000000,0x00000000e0000000,0x00000000eac00000)
  from space 62976K, 20% used [0x00000000f1b80000,0x00000000f27f5728,0x00000000f5900000)
  to   space 114176K, 0% used [0x00000000eac00000,0x00000000eac00000,0x00000000f1b80000)
 ParOldGen       total 404480K, used 244292K [0x00000000a0000000, 0x00000000b8b00000, 0x00000000e0000000)
  object space 404480K, 60% used [0x00000000a0000000,0x00000000aee912b0,0x00000000b8b00000)
 Metaspace       used 78610K, capacity 81868K, committed 82328K, reserved 1120256K
  class space    used 10196K, capacity 11072K, committed 11176K, reserved 1048576K
}

