# JRE version: OpenJDK Runtime Environment (8.0_152-b01) (build 1.8.0_152-release-1248-b01)
# Java VM: OpenJDK 64-Bit Server VM (25.152-b01 mixed mode windows-amd64 compressed oops)
Heap:
 PSYoungGen      total 164864K, used 22700K [0x00000000e0000000, 0x00000000ec000000, 0x0000000100000000)
  eden space 147968K, 10% used [0x00000000e0000000,0x00000000e0edf338,0x00000000e9080000)
  from space 16896K, 44% used [0x00000000e9080000,0x00000000e97cc010,0x00000000ea100000)
  to   space 16384K, 0% used [0x00000000eb000000,0x00000000eb000000,0x00000000ec000000)
 ParOldGen       total 82944K, used 54492K [0x00000000a0000000, 0x00000000a5100000, 0x00000000e0000000)
  object space 82944K, 65% used [0x00000000a0000000,0x00000000a3537388,0x00000000a5100000)
 Metaspace       used 63847K, capacity 66866K, committed 67072K, reserved 1107968K
  class space    used 8603K, capacity 9407K, committed 9472K, reserved 1048576K
GC Heap History (10 events):
Event: 28.316 GC heap before
{Heap before GC invocations=18 (full 2):
 PSYoungGen      total 111104K, used 109125K [0x00000000e0000000, 0x00000000e9580000, 0x0000000100000000)
  eden space 100352K, 100% used [0x00000000e0000000,0x00000000e6200000,0x00000000e6200000)
  from space 10752K, 81% used [0x00000000e6200000,0x00000000e6a917f0,0x00000000e6c80000)
  to   space 11776K, 0% used [0x00000000e8a00000,0x00000000e8a00000,0x00000000e9580000)
 ParOldGen       total 49152K, used 26851K [0x00000000a0000000, 0x00000000a3000000, 0x00000000e0000000)
  object space 49152K, 54% used [0x00000000a0000000,0x00000000a1a38d48,0x00000000a3000000)
 Metaspace       used 52811K, capacity 54144K, committed 54400K, reserved 1095680K
  class space    used 7091K, capacity 7457K, committed 7552K, reserved 1048576K
Event: 28.363 GC heap after
Heap after GC invocations=18 (full 2):
 PSYoungGen      total 141312K, used 7649K [0x00000000e0000000, 0x00000000e9680000, 0x0000000100000000)
  eden space 129536K, 0% used [0x00000000e0000000,0x00000000e0000000,0x00000000e7e80000)
  from space 11776K, 64% used [0x00000000e8a00000,0x00000000e9178480,0x00000000e9580000)
  to   space 11776K, 0% used [0x00000000e7e80000,0x00000000e7e80000,0x00000000e8a00000)
 ParOldGen       total 49152K, used 31129K [0x00000000a0000000, 0x00000000a3000000, 0x00000000e0000000)
  object space 49152K, 63% used [0x00000000a0000000,0x00000000a1e66678,0x00000000a3000000)
 Metaspace       used 52811K, capacity 54144K, committed 54400K, reserved 1095680K
  class space    used 7091K, capacity 7457K, committed 7552K, reserved 1048576K
}
Event: 35.118 GC heap before
{Heap before GC invocations=19 (full 2):
 PSYoungGen      total 141312K, used 83502K [0x00000000e0000000, 0x00000000e9680000, 0x0000000100000000)
  eden space 129536K, 58% used [0x00000000e0000000,0x00000000e4a13430,0x00000000e7e80000)
  from space 11776K, 64% used [0x00000000e8a00000,0x00000000e9178480,0x00000000e9580000)
  to   space 11776K, 0% used [0x00000000e7e80000,0x00000000e7e80000,0x00000000e8a00000)
 ParOldGen       total 49152K, used 31129K [0x00000000a0000000, 0x00000000a3000000, 0x00000000e0000000)
  object space 49152K, 63% used [0x00000000a0000000,0x00000000a1e66678,0x00000000a3000000)
 Metaspace       used 57158K, capacity 59144K, committed 59160K, reserved 1099776K
  class space    used 7701K, capacity 8304K, committed 8320K, reserved 1048576K
Event: 35.151 GC heap after
Heap after GC invocations=19 (full 2):
 PSYoungGen      total 141312K, used 11752K [0x00000000e0000000, 0x00000000eb180000, 0x0000000100000000)
  eden space 129536K, 0% used [0x00000000e0000000,0x00000000e0000000,0x00000000e7e80000)
  from space 11776K, 99% used [0x00000000e7e80000,0x00000000e89fa258,0x00000000e8a00000)
  to   space 14336K, 0% used [0x00000000ea380000,0x00000000ea380000,0x00000000eb180000)
 ParOldGen       total 49152K, used 33329K [0x00000000a0000000, 0x00000000a3000000, 0x00000000e0000000)
  object space 49152K, 67% used [0x00000000a0000000,0x00000000a208c508,0x00000000a3000000)
 Metaspace       used 57158K, capacity 59144K, committed 59160K, reserved 1099776K
  class space    used 7701K, capacity 8304K, committed 8320K, reserved 1048576K
}
Event: 35.151 GC heap before
{Heap before GC invocations=20 (full 3):
 PSYoungGen      total 141312K, used 11752K [0x00000000e0000000, 0x00000000eb180000, 0x0000000100000000)
  eden space 129536K, 0% used [0x00000000e0000000,0x00000000e0000000,0x00000000e7e80000)
  from space 11776K, 99% used [0x00000000e7e80000,0x00000000e89fa258,0x00000000e8a00000)
  to   space 14336K, 0% used [0x00000000ea380000,0x00000000ea380000,0x00000000eb180000)
 ParOldGen       total 49152K, used 33329K [0x00000000a0000000, 0x00000000a3000000, 0x00000000e0000000)
  object space 49152K, 67% used [0x00000000a0000000,0x00000000a208c508,0x00000000a3000000)
 Metaspace       used 57158K, capacity 59144K, committed 59160K, reserved 1099776K
  class space    used 7701K, capacity 8304K, committed 8320K, reserved 1048576K
Event: 36.031 GC heap after
Heap after GC invocations=20 (full 3):
 PSYoungGen      total 141312K, used 0K [0x00000000e0000000, 0x00000000eb180000, 0x0000000100000000)
  eden space 129536K, 0% used [0x00000000e0000000,0x00000000e0000000,0x00000000e7e80000)
  from space 11776K, 0% used [0x00000000e7e80000,0x00000000e7e80000,0x00000000e8a00000)
  to   space 14336K, 0% used [0x00000000ea380000,0x00000000ea380000,0x00000000eb180000)
 ParOldGen       total 82944K, used 38020K [0x00000000a0000000, 0x00000000a5100000, 0x00000000e0000000)
  object space 82944K, 45% used [0x00000000a0000000,0x00000000a25213c8,0x00000000a5100000)
 Metaspace       used 57158K, capacity 59144K, committed 59160K, reserved 1099776K
  class space    used 7701K, capacity 8304K, committed 8320K, reserved 1048576K
}
Event: 47.654 GC heap before
{Heap before GC invocations=21 (full 3):
 PSYoungGen      total 141312K, used 129536K [0x00000000e0000000, 0x00000000eb180000, 0x0000000100000000)
  eden space 129536K, 100% used [0x00000000e0000000,0x00000000e7e80000,0x00000000e7e80000)
  from space 11776K, 0% used [0x00000000e7e80000,0x00000000e7e80000,0x00000000e8a00000)
  to   space 14336K, 0% used [0x00000000ea380000,0x00000000ea380000,0x00000000eb180000)
 ParOldGen       total 82944K, used 38020K [0x00000000a0000000, 0x00000000a5100000, 0x00000000e0000000)
  object space 82944K, 45% used [0x00000000a0000000,0x00000000a25213c8,0x00000000a5100000)
 Metaspace       used 61570K, capacity 64502K, committed 64640K, reserved 1103872K
  class space    used 8408K, capacity 9239K, committed 9344K, reserved 1048576K
Event: 47.770 GC heap after
Heap after GC invocations=21 (full 3):
 PSYoungGen      total 161280K, used 14304K [0x00000000e0000000, 0x00000000eb180000, 0x0000000100000000)
  eden space 146944K, 0% used [0x00000000e0000000,0x00000000e0000000,0x00000000e8f80000)
  from space 14336K, 99% used [0x00000000ea380000,0x00000000eb178020,0x00000000eb180000)
  to   space 16896K, 0% used [0x00000000e9080000,0x00000000e9080000,0x00000000ea100000)
 ParOldGen       total 82944K, used 40472K [0x00000000a0000000, 0x00000000a5100000, 0x00000000e0000000)
  object space 82944K, 48% used [0x00000000a0000000,0x00000000a27862d8,0x00000000a5100000)
 Metaspace       used 61570K, capacity 64502K, committed 64640K, reserved 1103872K
  class space    used 8408K, capacity 9239K, committed 9344K, reserved 1048576K
}
Event: 58.114 GC heap before
{Heap before GC invocations=22 (full 3):
 PSYoungGen      total 161280K, used 161248K [0x00000000e0000000, 0x00000000eb180000, 0x0000000100000000)
  eden space 146944K, 100% used [0x00000000e0000000,0x00000000e8f80000,0x00000000e8f80000)
  from space 14336K, 99% used [0x00000000ea380000,0x00000000eb178020,0x00000000eb180000)
  to   space 16896K, 0% used [0x00000000e9080000,0x00000000e9080000,0x00000000ea100000)
 ParOldGen       total 82944K, used 40472K [0x00000000a0000000, 0x00000000a5100000, 0x00000000e0000000)
  object space 82944K, 48% used [0x00000000a0000000,0x00000000a27862d8,0x00000000a5100000)
 Metaspace       used 63584K, capacity 66556K, committed 66816K, reserved 1105920K
  class space    used 8564K, capacity 9382K, committed 9472K, reserved 1048576K
Event: 58.158 GC heap after
Heap after GC invocations=22 (full 3):
 PSYoungGen      total 164864K, used 7472K [0x00000000e0000000, 0x00000000ec000000, 0x0000000100000000)
  eden space 147968K, 0% used [0x00000000e0000000,0x00000000e0000000,0x00000000e9080000)
  from space 16896K, 44% used [0x00000000e9080000,0x00000000e97cc010,0x00000000ea100000)
  to   space 16384K, 0% used [0x00000000eb000000,0x00000000eb000000,0x00000000ec000000)
 ParOldGen       total 82944K, used 54492K [0x00000000a0000000, 0x00000000a5100000, 0x00000000e0000000)
  object space 82944K, 65% used [0x00000000a0000000,0x00000000a3537388,0x00000000a5100000)
 Metaspace       used 63584K, capacity 66556K, committed 66816K, reserved 1105920K
  class space    used 8564K, capacity 9382K, committed 9472K, reserved 1048576K
}

