# JRE version: OpenJDK Runtime Environment (8.0_152-b01) (build 1.8.0_152-release-1248-b01)
# Java VM: OpenJDK 64-Bit Server VM (25.152-b01 mixed mode windows-amd64 compressed oops)
Heap:
 PSYoungGen      total 477696K, used 200085K [0x00000000e0000000, 0x0000000100000000, 0x0000000100000000)
  eden space 437248K, 40% used [0x00000000e0000000,0x00000000eab93118,0x00000000fab00000)
  from space 40448K, 60% used [0x00000000fd400000,0x00000000febd2560,0x00000000ffb80000)
  to   space 41984K, 0% used [0x00000000fab00000,0x00000000fab00000,0x00000000fd400000)
 ParOldGen       total 188416K, used 161550K [0x00000000a0000000, 0x00000000ab800000, 0x00000000e0000000)
  object space 188416K, 85% used [0x00000000a0000000,0x00000000a9dc3928,0x00000000ab800000)
 Metaspace       used 208046K, capacity 223004K, committed 223232K, reserved 1243136K
  class space    used 26110K, capacity 29580K, committed 29696K, reserved 1048576K
GC Heap History (10 events):
Event: 7743.948 GC heap before
{Heap before GC invocations=52 (full 6):
 PSYoungGen      total 472064K, used 435261K [0x00000000e0000000, 0x00000000ffc00000, 0x0000000100000000)
  eden space 423936K, 100% used [0x00000000e0000000,0x00000000f9e00000,0x00000000f9e00000)
  from space 48128K, 23% used [0x00000000f9e00000,0x00000000fa90f6b8,0x00000000fcd00000)
  to   space 46080K, 0% used [0x00000000fcf00000,0x00000000fcf00000,0x00000000ffc00000)
 ParOldGen       total 188416K, used 145762K [0x00000000a0000000, 0x00000000ab800000, 0x00000000e0000000)
  object space 188416K, 77% used [0x00000000a0000000,0x00000000a8e58be8,0x00000000ab800000)
 Metaspace       used 199653K, capacity 212470K, committed 212736K, reserved 1234944K
  class space    used 24995K, capacity 27864K, committed 27904K, reserved 1048576K
Event: 7743.965 GC heap after
Heap after GC invocations=52 (full 6):
 PSYoungGen      total 474624K, used 4081K [0x00000000e0000000, 0x00000000ffd00000, 0x0000000100000000)
  eden space 428544K, 0% used [0x00000000e0000000,0x00000000e0000000,0x00000000fa280000)
  from space 46080K, 8% used [0x00000000fcf00000,0x00000000fd2fc760,0x00000000ffc00000)
  to   space 45568K, 0% used [0x00000000fa280000,0x00000000fa280000,0x00000000fcf00000)
 ParOldGen       total 188416K, used 151163K [0x00000000a0000000, 0x00000000ab800000, 0x00000000e0000000)
  object space 188416K, 80% used [0x00000000a0000000,0x00000000a939ef18,0x00000000ab800000)
 Metaspace       used 199653K, capacity 212470K, committed 212736K, reserved 1234944K
  class space    used 24995K, capacity 27864K, committed 27904K, reserved 1048576K
}
Event: 7753.246 GC heap before
{Heap before GC invocations=53 (full 6):
 PSYoungGen      total 474624K, used 432625K [0x00000000e0000000, 0x00000000ffd00000, 0x0000000100000000)
  eden space 428544K, 100% used [0x00000000e0000000,0x00000000fa280000,0x00000000fa280000)
  from space 46080K, 8% used [0x00000000fcf00000,0x00000000fd2fc760,0x00000000ffc00000)
  to   space 45568K, 0% used [0x00000000fa280000,0x00000000fa280000,0x00000000fcf00000)
 ParOldGen       total 188416K, used 151163K [0x00000000a0000000, 0x00000000ab800000, 0x00000000e0000000)
  object space 188416K, 80% used [0x00000000a0000000,0x00000000a939ef18,0x00000000ab800000)
 Metaspace       used 201683K, capacity 214884K, committed 215168K, reserved 1236992K
  class space    used 25253K, capacity 28195K, committed 28288K, reserved 1048576K
Event: 7753.259 GC heap after
Heap after GC invocations=53 (full 6):
 PSYoungGen      total 474112K, used 4253K [0x00000000e0000000, 0x00000000ffc80000, 0x0000000100000000)
  eden space 428544K, 0% used [0x00000000e0000000,0x00000000e0000000,0x00000000fa280000)
  from space 45568K, 9% used [0x00000000fa280000,0x00000000fa6a7430,0x00000000fcf00000)
  to   space 44032K, 0% used [0x00000000fd180000,0x00000000fd180000,0x00000000ffc80000)
 ParOldGen       total 188416K, used 153554K [0x00000000a0000000, 0x00000000ab800000, 0x00000000e0000000)
  object space 188416K, 81% used [0x00000000a0000000,0x00000000a95f4928,0x00000000ab800000)
 Metaspace       used 201683K, capacity 214884K, committed 215168K, reserved 1236992K
  class space    used 25253K, capacity 28195K, committed 28288K, reserved 1048576K
}
Event: 9958.969 GC heap before
{Heap before GC invocations=54 (full 6):
 PSYoungGen      total 474112K, used 432797K [0x00000000e0000000, 0x00000000ffc80000, 0x0000000100000000)
  eden space 428544K, 100% used [0x00000000e0000000,0x00000000fa280000,0x00000000fa280000)
  from space 45568K, 9% used [0x00000000fa280000,0x00000000fa6a7430,0x00000000fcf00000)
  to   space 44032K, 0% used [0x00000000fd180000,0x00000000fd180000,0x00000000ffc80000)
 ParOldGen       total 188416K, used 153554K [0x00000000a0000000, 0x00000000ab800000, 0x00000000e0000000)
  object space 188416K, 81% used [0x00000000a0000000,0x00000000a95f4928,0x00000000ab800000)
 Metaspace       used 203184K, capacity 216666K, committed 216960K, reserved 1236992K
  class space    used 25514K, capacity 28502K, committed 28544K, reserved 1048576K
Event: 9959.653 GC heap after
Heap after GC invocations=54 (full 6):
 PSYoungGen      total 477184K, used 6572K [0x00000000e0000000, 0x00000000ffb80000, 0x0000000100000000)
  eden space 434176K, 0% used [0x00000000e0000000,0x00000000e0000000,0x00000000fa800000)
  from space 43008K, 15% used [0x00000000fd180000,0x00000000fd7eb380,0x00000000ffb80000)
  to   space 42496K, 0% used [0x00000000fa800000,0x00000000fa800000,0x00000000fd180000)
 ParOldGen       total 188416K, used 154487K [0x00000000a0000000, 0x00000000ab800000, 0x00000000e0000000)
  object space 188416K, 81% used [0x00000000a0000000,0x00000000a96dde68,0x00000000ab800000)
 Metaspace       used 203184K, capacity 216666K, committed 216960K, reserved 1236992K
  class space    used 25514K, capacity 28502K, committed 28544K, reserved 1048576K
}
Event: 10062.403 GC heap before
{Heap before GC invocations=55 (full 6):
 PSYoungGen      total 477184K, used 440748K [0x00000000e0000000, 0x00000000ffb80000, 0x0000000100000000)
  eden space 434176K, 100% used [0x00000000e0000000,0x00000000fa800000,0x00000000fa800000)
  from space 43008K, 15% used [0x00000000fd180000,0x00000000fd7eb380,0x00000000ffb80000)
  to   space 42496K, 0% used [0x00000000fa800000,0x00000000fa800000,0x00000000fd180000)
 ParOldGen       total 188416K, used 154487K [0x00000000a0000000, 0x00000000ab800000, 0x00000000e0000000)
  object space 188416K, 81% used [0x00000000a0000000,0x00000000a96dde68,0x00000000ab800000)
 Metaspace       used 205022K, capacity 219688K, committed 219776K, reserved 1239040K
  class space    used 25829K, capacity 29230K, committed 29312K, reserved 1048576K
Event: 10063.773 GC heap after
Heap after GC invocations=55 (full 6):
 PSYoungGen      total 476672K, used 8513K [0x00000000e0000000, 0x00000000ffb80000, 0x0000000100000000)
  eden space 434176K, 0% used [0x00000000e0000000,0x00000000e0000000,0x00000000fa800000)
  from space 42496K, 20% used [0x00000000fa800000,0x00000000fb050570,0x00000000fd180000)
  to   space 40448K, 0% used [0x00000000fd400000,0x00000000fd400000,0x00000000ffb80000)
 ParOldGen       total 188416K, used 156403K [0x00000000a0000000, 0x00000000ab800000, 0x00000000e0000000)
  object space 188416K, 83% used [0x00000000a0000000,0x00000000a98bcca0,0x00000000ab800000)
 Metaspace       used 205022K, capacity 219688K, committed 219776K, reserved 1239040K
  class space    used 25829K, capacity 29230K, committed 29312K, reserved 1048576K
}
Event: 13046.722 GC heap before
{Heap before GC invocations=56 (full 6):
 PSYoungGen      total 476672K, used 442689K [0x00000000e0000000, 0x00000000ffb80000, 0x0000000100000000)
  eden space 434176K, 100% used [0x00000000e0000000,0x00000000fa800000,0x00000000fa800000)
  from space 42496K, 20% used [0x00000000fa800000,0x00000000fb050570,0x00000000fd180000)
  to   space 40448K, 0% used [0x00000000fd400000,0x00000000fd400000,0x00000000ffb80000)
 ParOldGen       total 188416K, used 156403K [0x00000000a0000000, 0x00000000ab800000, 0x00000000e0000000)
  object space 188416K, 83% used [0x00000000a0000000,0x00000000a98bcca0,0x00000000ab800000)
 Metaspace       used 205703K, capacity 220590K, committed 220928K, reserved 1241088K
  class space    used 25883K, capacity 29315K, committed 29440K, reserved 1048576K
Event: 13048.717 GC heap after
Heap after GC invocations=56 (full 6):
 PSYoungGen      total 477696K, used 24393K [0x00000000e0000000, 0x0000000100000000, 0x0000000100000000)
  eden space 437248K, 0% used [0x00000000e0000000,0x00000000e0000000,0x00000000fab00000)
  from space 40448K, 60% used [0x00000000fd400000,0x00000000febd2560,0x00000000ffb80000)
  to   space 41984K, 0% used [0x00000000fab00000,0x00000000fab00000,0x00000000fd400000)
 ParOldGen       total 188416K, used 161550K [0x00000000a0000000, 0x00000000ab800000, 0x00000000e0000000)
  object space 188416K, 85% used [0x00000000a0000000,0x00000000a9dc3928,0x00000000ab800000)
 Metaspace       used 205703K, capacity 220590K, committed 220928K, reserved 1241088K
  class space    used 25883K, capacity 29315K, committed 29440K, reserved 1048576K
}

